48 r 564
84 r 819
443 r 25
993 r 70
457 r 238
807 r 746
127 r 788
631 r 967
897 m 160
897 r 286
117 m 168
117 r 615
449 r 222
918 r 449
519 r 59
695 m 12
695 r 69
139 r 296
374 r 112
556 r 413
887 r 527
448 r 836
140 r 964
734 m 45
734 r 334
535 m 28
535 r 476
934 r 457
88 m 21
88 r 616
718 m 15
718 r 636
553 r 216
283 r 955
171 m 44
171 r 371
403 r 660
960 r 198
866 r 312
534 r 379
244 r 605
261 m 128
261 r 725
738 r 928
288 r 104
644 m 21
644 r 167
413 r 368
504 m 88
504 r 398
598 r 840
85 r 956
447 m 65
447 r 325
401 m 144
401 r 604
856 m 152
856 r 195
402 r 400
172 m 9
172 r 600
78 m 139
78 r 813
561 m 58
561 r 118
206 r 178
26 m 60
26 r 199
799 r 606
427 r 632
454 m 111
454 r 722
915 r 877
72 m 106
72 r 979
290 m 177
290 r 132
303 r 860
188 r 208
328 r 285
58 m 56
58 r 684
746 r 878
385 m 28
385 r 945
280 r 957
168 r 915
209 r 969
599 r 975
83 m 0
83 r 117
315 r 381
845 m 169
845 r 605
624 r 746
81 r 850
908 m 133
908 r 24
495 r 85
988 m 12
988 r 479
817 r 493
113 m 111
113 r 659
675 r 773
984 r 497
526 r 607
629 r 632
305 m 49
305 r 316
479 m 190
479 r 362
250 m 173
250 r 467
63 m 15
63 r 878
167 m 187
167 r 935
562 m 26
562 r 94
347 r 188
355 m 175
355 r 375
736 m 12
736 r 497
321 r 547
275 m 169
275 r 605
539 m 127
539 r 766
990 m 67
990 r 862
802 m 92
802 r 625
956 m 33
956 r 875
475 m 109
475 r 883
276 r 964
187 r 100
621 m 173
621 r 467
381 m 170
381 r 677
606 r 842
949 r 104
986 m 185
986 r 196
231 r 822
15 m 175
15 r 257
671 m 5
671 r 707
464 m 190
464 r 971
913 m 12
913 r 231
118 m 56
118 r 501
67 m 193
67 r 628
841 m 129
841 r 691
900 r 814
861 m 188
861 r 936
810 m 72
810 r 785
797 m 140
797 r 914
433 m 115
433 r 157
262 r 607
756 r 677
16 m 7
16 r 704
90 m 90
90 r 794
692 m 19
692 r 247
686 m 198
686 r 719
819 m 176
819 r 746
928 m 34
928 r 366
222 m 129
222 r 437
785 m 62
785 r 441
153 m 155
153 r 689
456 m 94
456 r 990
138 m 131
138 r 86
716 r 116
96 m 146
96 r 122
936 r 383
547 m 80
547 r 385
491 r 485
197 m 92
197 r 637
12 m 7
12 r 27
951 m 182
951 r 376
309 r 414
32 r 776
270 m 114
270 r 934
721 r 398
77 m 169
77 r 568
165 m 92
165 r 637
728 m 36
728 r 653
6 r 763
333 r 134
416 m 28
416 r 283
205 m 109
205 r 524
314 m 8
314 r 729
920 m 139
920 r 789
826 m 136
826 r 830
794 m 173
794 r 109
143 m 58
143 r 288
777 m 5
777 r 433
815 m 70
815 r 436
125 m 165
125 r 503
340 m 174
340 r 715
198 r 67
874 m 106
874 r 111
972 m 157
972 r 512
925 m 16
925 r 629
510 m 98
510 r 845
387 m 99
387 r 870
589 r 929
31 m 131
31 r 932
661 r 967
76 m 165
76 r 503
107 r 589
666 m 50
666 r 698
506 m 127
506 r 717
902 m 102
902 r 877
455 m 140
455 r 7
696 r 341
359 m 85
359 r 620
946 m 153
946 r 32
649 m 73
649 r 192
521 m 163
521 r 245
75 m 65
75 r 296
620 r 348
619 m 119
619 r 446
55 m 130
55 r 508
35 r 541
864 m 56
864 r 684
115 m 136
115 r 765
178 m 134
178 r 856
11 m 62
11 r 899
681 m 0
681 r 162
185 m 116
185 r 276
169 r 277
615 m 28
615 r 283
898 m 62
898 r 441
180 r 639
714 m 168
714 r 675
41 m 148
41 r 712
872 m 53
872 r 776
173 m 40
173 r 780
564 m 0
564 r 982
128 r 10
542 m 22
542 r 31
214 m 46
214 r 154
164 m 7
164 r 328
37 m 146
37 r 562
798 m 94
798 r 990
901 r 136
463 r 329
937 r 510
609 m 79
609 r 574
23 m 105
23 r 944
406 m 182
406 r 91
182 m 173
182 r 109
203 m 40
203 r 419
330 m 69
330 r 115
419 m 173
419 r 467
579 m 191
579 r 561
95 m 139
95 r 813
559 m 109
559 r 883
665 r 938
806 m 106
806 r 939
775 m 169
775 r 232
465 m 79
465 r 574
174 m 112
174 r 593
471 m 155
471 r 972
863 m 9
863 r 270
492 m 57
492 r 445
269 m 146
269 r 562
318 m 123
318 r 754
393 m 50
393 r 871
245 m 187
245 r 17
800 m 31
800 r 112
514 m 76
514 r 186
326 m 2
326 r 308
909 m 139
909 r 324
678 m 117
678 r 360
851 r 426
522 m 93
522 r 481
442 m 34
442 r 818
404 m 97
404 r 542
765 m 191
765 r 561
257 m 127
257 r 717
132 r 835
532 m 183
532 r 874
62 m 94
62 r 219
868 r 238
947 m 23
947 r 585
610 m 167
610 r 820
948 m 94
948 r 990
505 m 150
505 r 6
278 m 12
278 r 69
575 m 26
575 r 108
880 m 43
880 r 213
832 m 111
832 r 329
204 m 120
204 r 386
877 m 114
877 r 399
690 m 157
690 r 410
720 r 436
218 m 173
218 r 467
768 m 60
768 r 523
998 m 50
998 r 534
911 m 193
911 r 546
411 m 124
411 r 720
486 m 188
486 r 738
820 m 109
820 r 811
840 m 137
840 r 895
971 m 9
971 r 957
891 r 108
699 m 108
699 r 170
557 r 523
698 m 50
698 r 698
636 m 62
636 r 899
597 m 151
597 r 281
679 r 539
493 m 181
493 r 728
812 m 68
812 r 943
926 m 0
926 r 982
348 r 19
509 m 127
509 r 87
783 r 164
658 m 109
658 r 274
549 m 156
549 r 471
724 m 55
724 r 551
748 m 98
748 r 845
199 m 64
199 r 928
670 m 150
670 r 6
837 m 38
837 r 293
923 m 49
923 r 312
103 m 172
103 r 344
940 r 949
4 r 6
327 m 19
327 r 247
829 m 2
829 r 308
669 m 63
669 r 406
759 m 106
759 r 423
114 m 129
114 r 437
71 m 167
71 r 489
500 r 491
878 m 146
878 r 619
680 m 52
680 r 630
565 m 113
565 r 685
824 m 31
824 r 112
19 r 135
474 r 705
916 m 153
916 r 32
268 m 58
268 r 118
750 m 12
750 r 231
293 m 177
293 r 331
821 m 167
821 r 369
890 m 186
890 r 999
295 m 26
295 r 108
625 m 145
625 r 390
531 m 16
531 r 107
478 m 139
478 r 168
711 m 107
711 r 382
212 m 159
212 r 397
68 r 419
445 m 100
445 r 559
577 r 634
210 r 917
376 m 26
376 r 94
805 m 41
805 r 788
109 m 28
109 r 867
702 m 0
702 r 949
10 m 0
10 r 405
730 m 60
730 r 523
93 m 194
93 r 163
334 m 0
334 r 405
24 m 145
24 r 469
219 m 30
219 r 532
527 m 59
527 r 548
149 m 139
149 r 741
489 m 138
489 r 954
420 r 150
604 m 155
604 r 207
289 m 43
289 r 742
590 m 65
590 r 230
693 m 111
693 r 318
415 r 329
435 m 26
435 r 337
842 m 195
842 r 838
626 m 59
626 r 73
883 m 185
883 r 196
987 m 39
987 r 221
550 m 65
550 r 325
582 m 97
582 r 341
584 m 105
584 r 447
92 m 164
92 r 525
827 m 146
827 r 562
1 m 192
1 r 601
591 m 65
591 r 908
784 m 68
784 r 943
358 m 49
358 r 980
122 m 118
122 r 993
237 m 19
237 r 247
59 m 21
59 r 773
496 m 41
496 r 946
602 m 134
602 r 511
363 m 64
363 r 928
159 m 134
159 r 953
249 m 136
249 r 969
974 m 127
974 r 87
104 m 0
104 r 117
560 m 60
560 r 191
70 m 153
70 r 504
873 m 102
873 r 598
583 m 172
583 r 876
501 m 140
501 r 7
428 m 105
428 r 41
855 m 118
855 r 267
917 m 5
917 r 609
831 m 123
831 r 754
965 m 99
965 r 870
306 m 79
306 r 963
142 m 121
142 r 268
317 m 21
317 r 411
743 m 127
743 r 766
267 m 99
267 r 956
955 m 88
955 r 309
418 r 606
432 m 181
432 r 622
507 m 129
507 r 5
335 m 177
335 r 132
771 m 102
771 r 306
870 m 105
870 r 454
508 m 42
508 r 500
601 r 536
434 m 51
434 r 592
154 m 109
154 r 606
459 m 76
459 r 186
772 m 133
772 r 708
266 m 12
266 r 978
361 r 180
170 m 7
170 r 246
991 m 31
991 r 258
176 m 44
176 r 363
430 m 167
430 r 369
617 m 148
617 r 680
790 m 40
790 r 901
839 m 123
839 r 298
741 m 128
741 r 313
450 m 44
450 r 319
643 m 76
643 r 554
120 m 17
120 r 255
903 m 136
903 r 282
136 r 433
357 r 485
126 m 164
126 r 525
400 r 555
73 m 70
73 r 887
439 m 4
439 r 36
603 m 139
603 r 54
888 r 172
323 m 39
323 r 260
322 r 271
386 m 132
386 r 400
338 m 192
338 r 440
69 m 145
69 r 469
302 m 163
302 r 617
18 m 184
18 r 781
137 m 68
137 r 150
379 r 296
452 m 25
452 r 886
412 m 141
412 r 952
352 r 68
497 m 146
497 r 562
885 m 192
885 r 601
52 m 158
52 r 841
129 m 184
129 r 882
896 m 34
896 r 48
776 r 136
13 m 102
13 r 148
761 m 175
761 r 277
40 m 185
40 r 335
924 m 43
924 r 413
436 m 157
436 r 512
745 m 135
745 r 516
914 m 123
914 r 526
881 m 62
881 r 579
846 m 23
846 r 585
38 m 52
38 r 630
310 m 96
310 r 664
546 m 62
546 r 670
808 m 124
808 r 720
789 m 124
789 r 778
367 m 165
367 r 819
441 m 172
441 r 907
466 m 105
466 r 944
383 r 950
79 r 961
867 m 27
867 r 119
996 m 68
996 r 150
906 m 48
906 r 303
581 r 455
20 m 25
20 r 694
91 m 21
91 r 835
325 m 80
325 r 884
904 m 65
904 r 908
892 m 152
892 r 28
753 m 140
753 r 60
634 m 44
634 r 206
822 m 70
822 r 209
499 m 113
499 r 575
976 m 0
976 r 949
572 m 76
572 r 186
646 m 17
646 r 188
341 m 15
341 r 248
369 m 79
369 r 521
779 r 540
989 m 43
989 r 646
110 r 814
623 m 12
623 r 978
183 m 60
183 r 199
573 m 78
573 r 300
282 m 33
282 r 875
292 m 122
292 r 909
700 m 114
700 r 399
101 m 9
101 r 600
782 m 78
782 r 631
388 m 150
388 r 758
642 m 30
642 r 812
792 m 8
792 r 879
752 m 175
752 r 57
659 m 175
659 r 57
640 r 120
424 m 116
424 r 149
362 r 314
882 r 573
674 m 190
674 r 595
192 r 707
712 m 64
712 r 805
751 m 70
751 r 852
409 m 7
409 r 965
477 m 93
477 r 968
34 m 134
34 r 986
788 m 31
788 r 112
927 m 68
927 r 354
525 m 134
525 r 511
959 m 117
959 r 589
813 m 168
813 r 615
60 m 62
60 r 670
568 r 742
17 m 15
17 r 920
889 m 8
889 r 974
398 m 132
398 r 30
346 m 185
346 r 124
258 m 192
258 r 440
650 m 102
650 r 598
151 m 25
151 r 834
353 m 144
353 r 38
703 m 115
703 r 100
25 m 173
25 r 109
395 m 137
395 r 236
384 m 165
384 r 503
774 m 55
774 r 551
795 m 5
795 r 609
719 m 53
719 r 776
641 m 7
641 r 64
375 m 185
375 r 124
44 m 17
44 r 188
512 m 60
512 r 523
467 m 132
467 r 594
945 m 113
945 r 685
823 m 73
823 r 769
518 m 70
518 r 142
569 m 197
569 r 443
194 m 60
194 r 523
992 m 55
992 r 551
964 r 769
119 m 131
119 r 911
781 m 64
781 r 928
780 m 15
780 r 248
938 m 35
938 r 364
932 m 198
932 r 422
571 r 542
660 r 142
893 m 129
893 r 437
654 m 47
654 r 558
503 m 1
503 r 612
853 m 106
853 r 735
225 m 195
225 r 857
150 m 22
150 r 89
201 m 141
201 r 573
941 m 159
941 r 743
668 m 134
668 r 953
852 m 22
852 r 4
29 m 169
29 r 43
632 m 166
632 r 92
595 r 96
43 m 157
43 r 104
778 m 113
778 r 272
49 m 44
49 r 363
46 m 197
46 r 452
89 m 50
89 r 669
131 m 141
131 r 764
749 m 33
749 r 804
256 m 119
256 r 79
543 r 120
614 m 73
614 r 215
121 m 58
121 r 288
593 m 109
593 r 883
723 r 933
530 r 988
688 m 184
688 r 455
196 m 150
196 r 791
141 m 120
141 r 797
407 m 41
407 r 946
228 m 123
228 r 298
264 m 147
264 r 466
770 m 69
770 r 861
600 m 160
600 r 863
689 m 53
689 r 931
586 m 177
586 r 958
935 m 186
935 r 129
766 m 30
766 r 532
676 r 762
523 m 48
523 r 822
709 m 185
709 r 984
809 m 116
809 r 149
537 m 64
537 r 202
836 m 94
836 r 219
677 m 177
677 r 220
567 m 162
567 r 701
461 m 120
461 r 797
487 m 183
487 r 12
857 m 169
857 r 232
232 m 49
232 r 252
147 m 34
147 r 517
202 m 103
202 r 681
563 m 70
563 r 852
691 m 175
691 r 57
710 m 57
710 r 23
476 m 114
476 r 292
213 m 77
213 r 355
462 m 129
462 r 437
804 r 966
587 m 6
587 r 137
370 m 182
370 r 376
344 m 162
344 r 701
697 m 101
697 r 40
704 r 149
875 r 239
859 m 110
859 r 229
608 m 50
608 r 669
446 m 106
446 r 735
830 m 31
830 r 757
739 m 18
739 r 840
392 m 70
392 r 142
360 m 111
360 r 289
124 r 576
99 m 146
99 r 619
294 r 845
742 m 104
742 r 342
181 m 199
181 r 345
707 m 109
707 r 524
234 m 169
234 r 782
208 m 150
208 r 6
134 m 12
134 r 69
910 r 90
135 m 17
135 r 188
453 m 65
453 r 197
879 m 38
879 r 293
793 m 124
793 r 350
189 m 87
189 r 505
82 m 34
82 r 519
488 m 77
488 r 566
45 m 52
45 r 602
954 r 636
533 m 50
533 r 669
980 m 105
980 r 775
255 m 172
255 r 779
221 m 41
221 r 788
622 m 153
622 r 826
818 m 147
818 r 842
828 m 50
828 r 871
747 m 107
747 r 872
319 r 891
429 m 45
429 r 334
226 m 133
226 r 347
307 m 50
307 r 434
133 m 56
133 r 501
227 m 68
227 r 549
713 m 94
713 r 567
975 m 113
975 r 685
414 m 16
414 r 107
56 m 99
56 r 417
814 m 25
814 r 694
146 m 172
146 r 824
378 m 83
378 r 905
684 m 33
684 r 985
551 r 137
108 m 149
108 r 173
725 m 174
725 r 226
74 m 105
74 r 775
308 m 94
308 r 106
905 m 34
905 r 366
566 m 165
566 r 402
372 m 126
372 r 435
66 m 70
66 r 436
106 m 64
106 r 859
5 m 80
5 r 884
528 m 199
528 r 942
366 r 164
291 r 77
215 m 50
215 r 125
111 m 171
111 r 161
251 m 196
251 r 212
394 m 135
394 r 448
596 m 15
596 r 536
663 m 127
663 r 766
977 m 30
977 r 812
36 m 139
36 r 813
87 m 147
87 r 846
382 m 136
382 r 888
494 m 39
494 r 751
332 m 178
332 r 378
983 m 105
983 r 474
233 m 151
233 r 581
27 m 8
27 r 729
161 m 41
161 r 788
999 m 115
999 r 997
786 m 5
786 r 85
184 m 103
184 r 681
942 m 2
942 r 404
541 m 183
541 r 874
907 m 40
907 r 992
994 m 31
994 r 47
390 m 57
390 r 445
939 m 2
939 r 463
731 r 515
968 r 521
301 m 154
301 r 560
311 m 124
311 r 590
158 m 128
158 r 725
22 m 111
22 r 790
102 r 809
833 m 25
833 r 834
760 m 22
760 r 31
517 m 166
517 r 158
480 m 49
480 r 252
585 m 86
585 r 498
0 m 198
0 r 716
995 m 159
995 r 743
847 m 175
847 r 848
223 m 182
223 r 91
850 m 31
850 r 112
152 m 118
152 r 279
657 m 162
657 r 506
8 m 132
8 r 594
300 m 36
300 r 653
279 r 776
458 m 187
458 r 959
371 m 75
371 r 33
485 r 132
516 m 158
516 r 156
33 m 17
33 r 188
216 m 89
216 r 198
163 m 177
163 r 220
552 m 69
552 r 240
578 m 115
578 r 626
61 m 25
61 r 694
14 m 153
14 r 826
277 m 119
277 r 851
144 m 138
144 r 900
554 m 131
554 r 932
405 m 85
405 r 620
473 m 36
473 r 973
460 m 88
460 r 309
648 m 92
648 r 637
50 m 13
50 r 665
94 m 187
94 r 959
350 m 5
350 r 85
410 m 71
410 r 130
979 m 43
979 r 413
162 m 100
162 r 539
472 m 94
472 r 567
673 m 142
673 r 673
687 m 91
687 r 174
207 m 51
207 r 438
354 m 51
354 r 459
529 m 5
529 r 707
592 m 48
592 r 822
263 r 95
242 m 115
242 r 157
396 m 126
396 r 435
397 r 497
524 m 127
524 r 717
825 m 118
825 r 821
373 m 40
373 r 901
962 m 134
962 r 953
54 r 992
229 m 77
229 r 179
849 m 109
849 r 811
241 m 5
241 r 828
732 m 59
732 r 321
767 m 106
767 r 407
884 m 138
884 r 457
377 m 66
377 r 674
580 m 64
580 r 924
763 m 69
763 r 115
708 m 188
708 r 583
339 m 52
339 r 630
451 m 106
451 r 111
953 m 2
953 r 308
611 m 111
611 r 318
769 m 127
769 r 403
588 m 183
588 r 421
438 m 41
438 r 672
273 r 737
536 m 138
536 r 896
838 m 187
838 r 935
811 m 134
811 r 618
876 m 90
876 r 794
628 m 10
628 r 20
259 m 0
259 r 162
246 r 317
645 m 28
645 r 530
364 r 557
899 m 159
899 r 652
65 m 135
65 r 682
175 m 54
175 r 724
316 m 143
316 r 731
894 m 139
894 r 813
715 m 40
715 r 992
685 m 139
685 r 54
545 m 3
545 r 177
729 m 9
729 r 545
613 m 183
613 r 12
145 m 134
145 r 393
722 m 167
722 r 464
236 r 479
468 m 21
468 r 709
737 r 721
607 m 101
607 r 442
417 m 71
417 r 693
423 m 136
423 r 765
498 m 120
498 r 386
848 r 234
787 m 9
787 r 906
130 m 50
130 r 125
470 m 130
470 r 392
952 r 443
929 m 111
929 r 790
912 r 933
3 m 99
3 r 956
304 m 173
304 r 467
921 m 188
921 r 470
481 m 159
481 r 494
652 m 8
652 r 729
754 m 99
754 r 65
502 m 157
502 r 410
253 m 196
253 r 212
931 m 116
931 r 538
21 m 13
21 r 665
324 r 780
844 m 147
844 r 846
796 m 96
796 r 409
157 m 195
157 r 838
399 m 42
399 r 77
312 m 27
312 r 194
667 r 285
195 m 42
195 r 500
637 m 169
637 r 647
217 r 709
177 m 118
177 r 993
155 m 172
155 r 176
511 m 72
511 r 510
254 m 187
254 r 935
791 m 5
791 r 85
869 m 147
869 r 326
957 m 139
957 r 789
389 m 41
389 r 16
298 r 329
53 r 878
638 m 24
638 r 172
895 m 106
895 r 423
97 m 51
97 r 459
758 m 156
758 r 471
963 m 97
963 r 607
627 r 753
391 m 125
391 r 881
356 m 164
356 r 892
664 m 7
664 r 965
343 m 160
343 r 798
973 m 37
973 r 608
886 m 81
886 r 611
982 m 138
982 r 954
260 m 123
260 r 322
349 m 186
349 r 129
513 m 103
513 r 287
224 m 36
224 r 314
733 m 55
733 r 551
105 m 147
105 r 846
368 m 102
368 r 306
239 m 44
239 r 363
80 m 32
80 r 633
186 m 94
186 r 990
727 r 330
544 m 50
544 r 434
286 m 7
286 r 704
862 m 165
862 r 783
98 m 79
98 r 521
28 m 32
28 r 633
605 r 815
285 m 69
285 r 861
265 m 175
265 r 57
193 r 89
726 m 3
726 r 177
950 m 60
950 r 191
351 m 105
351 r 271
933 m 167
933 r 369
683 m 24
683 r 810
538 m 10
538 r 166
247 m 90
247 r 794
100 r 75
252 m 71
252 r 130
694 m 162
694 r 891
482 m 31
482 r 258
9 m 131
9 r 485
970 m 197
970 r 634
843 m 198
843 r 116
834 m 140
834 r 713
639 m 69
639 r 2
483 m 192
483 r 601
469 m 182
469 r 91
647 m 81
647 r 611
484 m 170
484 r 733
39 m 83
39 r 224
296 r 409
860 m 152
860 r 903
191 m 82
191 r 964
337 m 78
337 r 67
444 m 21
444 r 327
422 m 105
422 r 571
943 r 63
148 m 19
148 r 247
981 m 168
981 r 368
706 m 157
706 r 671
51 m 187
51 r 17
655 m 196
655 r 212
803 m 182
803 r 376
299 m 157
299 r 104
86 m 117
86 r 360
336 r 692
520 m 108
520 r 170
682 m 22
682 r 307
594 m 78
594 r 552
651 m 187
651 r 17
540 m 54
540 r 582
735 m 159
735 r 652
966 m 101
966 r 442
272 m 9
272 r 600
490 m 41
490 r 678
871 m 14
871 r 139
271 m 43
271 r 213
618 m 46
618 r 239
248 m 97
248 r 542
555 r 769
123 m 69
123 r 2
922 m 165
922 r 402
656 m 116
656 r 426
116 m 164
116 r 495
801 m 4
801 r 639
653 m 21
653 r 835
773 m 0
773 r 256
166 r 377
238 m 37
238 r 608
865 m 19
865 r 247
854 m 15
854 r 248
329 m 114
329 r 934
835 m 43
835 r 66
112 m 153
112 r 514
230 m 130
230 r 603
220 m 90
220 r 794
425 m 75
425 r 249
365 m 116
365 r 538
755 m 127
755 r 717
287 m 183
287 r 12
548 m 192
548 r 601
978 m 62
978 r 899
431 m 43
431 r 66
297 m 158
297 r 156
662 m 46
662 r 336
967 m 135
967 r 516
672 r 571
764 m 85
764 r 683
156 r 941
64 m 94
64 r 990
961 m 122
961 r 155
200 m 30
200 r 812
240 m 130
240 r 508
42 m 147
42 r 326
440 m 112
440 r 638
985 m 162
985 r 506
342 m 169
342 r 22
612 m 102
612 r 76
997 m 24
997 r 172
421 m 198
421 r 116
705 m 6
705 r 461
944 m 86
944 r 374
179 m 176
179 r 960
762 m 125
762 r 233
380 m 3
380 r 189
576 m 38
576 r 317
515 m 147
515 r 333
281 r 117
858 m 160
858 r 311
2 m 56
2 r 518
616 m 69
616 r 861
331 m 5
331 r 869
30 m 9
30 r 893
744 m 72
744 r 989
190 m 7
190 r 27
211 m 55
211 r 151
313 m 55
313 r 151
7 m 15
7 r 248
630 m 59
630 r 321
284 m 191
284 r 171
969 m 5
969 r 51
160 m 34
160 r 59
717 m 141
717 r 573
740 m 77
740 r 772
919 m 147
919 r 842
570 m 21
570 r 167
816 m 42
816 r 500
958 m 50
958 r 915
574 m 116
574 r 149
558 m 31
558 r 47
930 m 42
930 r 500
57 m 186
57 r 999
757 m 69
757 r 240
437 m 198
437 r 116
426 m 168
426 r 615
47 m 105
47 r 454
701 m 199
701 r 762
408 m 199
408 r 762
633 m 65
633 r 230
635 m 0
635 r 405
274 m 91
274 r 201
243 m 65
243 r 325
320 m 115
320 r 930
235 m 139
235 r 741
345 m 167
345 r 369
